{"time":"2026-03-21T00:07:59.423177342-04:00","level":"INFO","msg":"Sentry initialized","dsn":"https://962d173a894d***","environment":"PROD","release":"7.1.4","sandbox_id":"i22vjvgw0xda3f7nb2f2r"}
{"time":"2026-03-21T00:07:59.42326575-04:00","level":"INFO","msg":"Sentry initialized successfully"}
{"time":"2026-03-21T00:07:59.423273828-04:00","level":"INFO","msg":"State sync service starting","log_file":"/home/ubuntu/.logs/state-sync/state-sync.log"}
{"time":"2026-03-21T00:07:59.423400775-04:00","level":"INFO","msg":"Starting state sync service"}
{"time":"2026-03-21T00:07:59.423420084-04:00","level":"INFO","msg":"Pulling initial state from S3"}
{"time":"2026-03-21T00:07:59.423426968-04:00","level":"INFO","msg":"Pull not allowed currently, will retry when config changes"}
{"time":"2026-03-21T00:07:59.423430971-04:00","level":"INFO","msg":"Connecting to browser","port":"9222"}
{"time":"2026-03-21T00:07:59.43258756-04:00","level":"INFO","msg":"Found chrome://newtab/ to reuse","target_id":"6B35628DECC2F7968AA4F491A99C85C4"}
{"time":"2026-03-21T00:07:59.432756586-04:00","level":"INFO","msg":"Reusing existing target for cookie sync","target_id":"6B35628DECC2F7968AA4F491A99C85C4"}
{"time":"2026-03-21T00:07:59.432774594-04:00","level":"INFO","msg":"Successfully connected to browser"}
{"time":"2026-03-21T00:07:59.432778786-04:00","level":"INFO","msg":"Syncing state to browser"}
{"time":"2026-03-21T00:07:59.432782789-04:00","level":"INFO","msg":"Syncing cookies to browser","cookie_count":0}
{"time":"2026-03-21T00:07:59.456849875-04:00","level":"INFO","msg":"Successfully synced cookies to browser"}
{"time":"2026-03-21T00:07:59.456871238-04:00","level":"INFO","msg":"Successfully synced state to browser"}
{"time":"2026-03-21T00:07:59.456875409-04:00","level":"INFO","msg":"Setting up state watchers"}
{"time":"2026-03-21T00:07:59.456882664-04:00","level":"INFO","msg":"Starting CDP watcher"}
{"time":"2026-03-21T00:07:59.473743753-04:00","level":"INFO","msg":"Created hidden monitoring target","target_id":"DC661E31503CE1161263A4FB53957B78"}
{"time":"2026-03-21T00:07:59.473781979-04:00","level":"INFO","msg":"Using hidden target for monitoring (should not be visible)"}
{"time":"2026-03-21T00:07:59.473790409-04:00","level":"INFO","msg":"State watchers setup complete"}
{"time":"2026-03-21T00:07:59.473795021-04:00","level":"INFO","msg":"Waiting for browser to stabilize after cookie sync","delay":5000000000}
{"time":"2026-03-21T00:07:59.473808528-04:00","level":"INFO","msg":"Starting target monitoring"}
{"time":"2026-03-21T00:07:59.507341369-04:00","level":"INFO","msg":"Handling target","target_id":"6B35628DECC2F7968AA4F491A99C85C4","url":"chrome://newtab/"}
{"time":"2026-03-21T00:08:04.476746519-04:00","level":"INFO","msg":"Starting cookie polling","interval":1000000000}
{"time":"2026-03-21T00:08:04.476705062-04:00","level":"INFO","msg":"Browser stabilization complete, cookie polling started with current state as baseline"}
{"time":"2026-03-21T00:08:04.476926835-04:00","level":"INFO","msg":"Wrote sync ready marker","path":"/home/ubuntu/.config/state-sync/.sync-ready"}
{"time":"2026-03-21T00:08:04.47693574-04:00","level":"INFO","msg":"State sync service started successfully"}
{"time":"2026-03-21T00:08:04.477049999-04:00","level":"INFO","msg":"Started watching config file","path":"/home/ubuntu/.config/state-sync/state-sync-config.yaml"}
{"time":"2026-03-21T02:40:20.049649952-04:00","level":"INFO","msg":"Config file changed, reloading","path":"/home/ubuntu/.config/state-sync/state-sync-config.yaml","operation":"CREATE"}
